\BOOKMARK [0][-]{chapter*.2}{\376\377\000S\000e\000z\000n\000a\000m\000\040\000p\000o\000u\001\176\000i\000t\000\375\000c\000h\000\040\000s\000y\000m\000b\000o\000l\001\157\000\040\000a\000\040\000z\000k\000r\000a\000t\000e\000k}{}% 1
\BOOKMARK [0][-]{chapter*.3}{\376\377\000S\000e\000z\000n\000a\000m\000\040\000o\000b\000r\000\341\000z\000k\001\157}{}% 2
\BOOKMARK [0][-]{chapter*.4}{\376\377\000S\000e\000z\000n\000a\000m\000\040\000t\000a\000b\000u\000l\000e\000k}{}% 3
\BOOKMARK [0][-]{chapter.1}{\376\377\000\332\000v\000o\000d}{}% 4
\BOOKMARK [1][-]{section.1.1}{\376\377\000O\000b\000s\000a\000h\000\040\000p\000r\000\341\000c\000e}{chapter.1}% 5
\BOOKMARK [0][-]{chapter.2}{\376\377\000Z\000\341\000s\000o\000b\000n\000\355\000k\000o\000v\000\351\000\040\000a\000u\000t\000o\000m\000a\000t\000y}{}% 6
\BOOKMARK [1][-]{section.2.1}{\376\377\000D\000e\000f\000i\000n\000i\000c\000e\000\040\000z\000\341\000s\000o\000b\000n\000\355\000k\000o\000v\000\375\000c\000h\000\040\000a\000u\000t\000o\000m\000a\000t\001\157}{chapter.2}% 7
\BOOKMARK [1][-]{section.2.2}{\376\377\000T\000y\000p\000y\000\040\000z\000\341\000s\000o\000b\000n\000\355\000k\000o\000v\000\375\000c\000h\000\040\000a\000u\000t\000o\000m\000a\000t\001\157}{chapter.2}% 8
\BOOKMARK [1][-]{section.2.3}{\376\377\000K\000o\000n\000f\000i\000g\000u\000r\000a\000c\000e\000\040\000a\000\040\000p\001\131\000e\000c\000h\000o\000d\000y}{chapter.2}% 9
\BOOKMARK [1][-]{section.2.4}{\376\377\001\014\000i\000n\000n\000o\000s\000t\000\040\000z\000\341\000s\000o\000b\000n\000\355\000k\000o\000v\000\375\000c\000h\000\040\000a\000u\000t\000o\000m\000a\000t\001\157}{chapter.2}% 10
\BOOKMARK [0][-]{chapter.3}{\376\377\000E\000x\000i\000s\000t\000u\000j\000\355\000c\000\355\000\040\000a\000p\000l\000i\000k\000a\000c\000e}{}% 11
\BOOKMARK [1][-]{section.3.1}{\376\377\000Y\000A\000A\000S\000\040\040\024\000\040\000Y\000e\000t\000\040\000A\000n\000o\000t\000h\000e\000r\000\040\000A\000u\000t\000o\000m\000a\000t\000a\000\040\000S\000i\000m\000u\000l\000a\000t\000o\000r}{chapter.3}% 12
\BOOKMARK [1][-]{section.3.2}{\376\377\000D\000a\000u\000t\000e\000R\000R\000\040\040\024\000\040\000P\000u\000s\000h\000d\000o\000w\000n\000\040\000A\000u\000t\000o\000m\000a\000t\000o\000n}{chapter.3}% 13
\BOOKMARK [1][-]{section.3.3}{\376\377\000B\000a\000k\000a\000l\000\341\001\131\000s\000k\000\341\000\040\000p\000r\000\341\000c\000e\000\040\0002\0000\0002\0002\000/\0002\0000\0002\0003}{chapter.3}% 14
\BOOKMARK [1][-]{section.3.4}{\376\377\000S\000h\000r\000n\000u\000t\000\355}{chapter.3}% 15
\BOOKMARK [0][-]{chapter.4}{\376\377\000A\000n\000a\000l\000\375\000z\000y\000\040\000a\000\040\000n\000\341\000v\000r\000h}{}% 16
\BOOKMARK [1][-]{section.4.1}{\376\377\000A\000n\000a\000l\000\375\000z\000a}{chapter.4}% 17
\BOOKMARK [1][-]{section.4.2}{\376\377\000N\000\341\000v\000r\000h\000\040\000s\000t\000r\000\341\000n\000k\000y\000\040\000s\000i\000m\000u\000l\000\341\000t\000o\000r\000u}{chapter.4}% 18
\BOOKMARK [0][-]{chapter.5}{\376\377\000I\000m\000p\000l\000e\000m\000e\000n\000t\000a\000c\000e\000\040\000a\000p\000l\000i\000k\000a\000c\000e}{}% 19
\BOOKMARK [1][-]{section.5.1}{\376\377\000T\000e\000c\000h\000n\000o\000l\000o\000g\000i\000e}{chapter.5}% 20
\BOOKMARK [1][-]{section.5.2}{\376\377\000R\000e\000p\000r\000e\000z\000e\000n\000t\000a\000c\000e\000\040\000z\000\341\000s\000o\000b\000n\000\355\000k\000o\000v\000\375\000c\000h\000\040\000a\000u\000t\000o\000m\000a\000t\001\157\000\040\000v\000\040\000k\000\363\000d\000u}{chapter.5}% 21
\BOOKMARK [1][-]{section.5.3}{\376\377\000S\000i\000m\000u\000l\000\341\000t\000o\000r}{chapter.5}% 22
\BOOKMARK [1][-]{section.5.4}{\376\377\000\332\000l\000o\001\176\000i\001\141\000t\001\033}{chapter.5}% 23
\BOOKMARK [1][-]{section.5.5}{\376\377\000S\000t\000r\000\341\000n\000k\000a\000\040\000p\000r\000o\000\040\000t\000v\000o\000r\000b\000u\000\040\000z\000\341\000s\000o\000b\000n\000\355\000k\000o\000v\000\375\000c\000h\000\040\000a\000u\000t\000o\000m\000a\000t\001\157}{chapter.5}% 24
\BOOKMARK [1][-]{section.5.6}{\376\377\000F\000u\000n\000k\000c\000e\000\040\000c\000h\000e\000c\000k\000P\000u\000s\000h\000d\000o\000w\000n\000A\000u\000t\000o\000m\000a\000t\000a\000\040\000p\000r\000o\000\040\000k\000o\000n\000t\000r\000o\000l\000u\000\040\000a\000u\000t\000o\000m\000a\000t\000u}{chapter.5}% 25
\BOOKMARK [0][-]{chapter.6}{\376\377\000U\001\176\000i\000v\000a\000t\000e\000l\000s\000k\000\351\000\040\000r\000o\000z\000h\000r\000a\000n\000\355}{}% 26
\BOOKMARK [1][-]{section.6.1}{\376\377\000S\000p\000u\001\141\000t\001\033\000n\000\355\000\040\000a\000p\000l\000i\000k\000a\000c\000e}{chapter.6}% 27
\BOOKMARK [1][-]{section.6.2}{\376\377\000H\000l\000a\000v\000n\000\355\000\040\000s\000t\000r\000\341\000n\000k\000a}{chapter.6}% 28
\BOOKMARK [1][-]{section.6.3}{\376\377\000S\000t\000r\000\341\000n\000k\000a\000\040\000p\000r\000o\000\040\000t\000v\000o\000r\000b\000u\000\040\000z\000\341\000s\000o\000b\000n\000\355\000k\000o\000v\000\351\000h\000o\000\040\000a\000u\000t\000o\000m\000a\000t\000u}{chapter.6}% 29
\BOOKMARK [1][-]{section.6.4}{\376\377\000F\000o\000r\000m\000u\000l\000\341\001\131\000\040\000p\000r\000o\000\040\000n\000a\000h\000r\000\341\000v\000\341\000n\000\355\000\040\000z\000\341\000s\000o\000b\000n\000\355\000k\000o\000v\000\375\000c\000h\000\040\000a\000u\000t\000o\000m\000a\000t\001\157}{chapter.6}% 30
\BOOKMARK [1][-]{section.6.5}{\376\377\000V\000\375\000p\000i\000s\000\040\000\372\000l\000o\001\176\000i\001\141\000t\001\033}{chapter.6}% 31
\BOOKMARK [1][-]{section.6.6}{\376\377\000S\000i\000m\000u\000l\000\341\000t\000o\000r}{chapter.6}% 32
\BOOKMARK [0][-]{chapter.7}{\376\377\000V\000z\000o\000r\000o\000v\000\351\000\040\000v\000s\000t\000u\000p\000y\000\040\000a\000\040\000j\000e\000j\000i\000c\000h\000\040\000s\000t\000r\000u\000k\000t\000u\000r\000a}{}% 33
\BOOKMARK [0][-]{chapter.8}{\376\377\000Z\000\341\000v\001\033\000r}{}% 34
\BOOKMARK [0][-]{chapter*.23}{\376\377\000L\000i\000t\000e\000r\000a\000t\000u\000r\000a}{}% 35
\BOOKMARK [0][-]{chapter*.23}{\376\377\000P\001\131\000\355\000l\000o\000h\000y}{}% 36
\BOOKMARK [0][-]{appendix.A}{\376\377\000S\000o\000u\000b\000o\000r\000o\000v\000\341\000\040\000s\000t\000r\000u\000k\000t\000u\000r\000a\000\040\000p\000r\000o\000j\000e\000k\000t\000u}{}% 37
